[2026-03-23 21:49:14] SMS API Failure: {"success":false,"error":"Invalid sender ID","code":"INVALID_SENDER_ID","message":"Sender ID not found or not accessible for your organization"}
[2026-03-23 21:49:50] SMS API Failure: {"success":false,"error":"Invalid sender ID","code":"INVALID_SENDER_ID","message":"Sender ID not found or not accessible for your organization"}
[2026-03-23 21:51:15] SMS API Failure: {"success":false,"error":"Invalid sender ID","code":"INVALID_SENDER_ID","message":"Sender ID not found or not accessible for your organization"}
[2026-03-23 21:51:24] SMS API Failure: {"success":false,"error":"Invalid sender ID","code":"INVALID_SENDER_ID","message":"Sender ID not found or not accessible for your organization"}
[2026-03-24 09:36:31] SMS API Failure: {"success":false,"error":"Recipient number(s) required","code":"MISSING_TO","message":"Please provide recipient number(s) in \"to\" field"}
[2026-03-24 09:36:37] SMS API Failure: {"success":false,"error":"Recipient number(s) required","code":"MISSING_TO","message":"Please provide recipient number(s) in \"to\" field"}
[2026-03-25 00:12:08] SMS API Failure: {"success":false,"error":"Recipient number(s) required","code":"MISSING_TO","message":"Please provide recipient number(s) in \"to\" field"}
[2026-03-25 00:14:20] SMS API Failure: {"success":false,"error":"Recipient number(s) required","code":"MISSING_TO","message":"Please provide recipient number(s) in \"to\" field"}
[2026-03-25 00:14:24] SMS API Failure: {"success":false,"error":"Recipient number(s) required","code":"MISSING_TO","message":"Please provide recipient number(s) in \"to\" field"}
[2026-03-25 00:14:37] SMS API Failure: {"success":false,"error":"Recipient number(s) required","code":"MISSING_TO","message":"Please provide recipient number(s) in \"to\" field"}
[2026-03-27 00:18:49] Starting SMS to 9779765970774 | Msg: Dear Bimal, your Kur...
[2026-03-27 00:18:49] HTTP 200 | Response: {"success":true,"message":"SMS queued successfully","data":{"job_id":"45477","cost":1,"remaining_balance":183,"recipient":"9765970774","billing":{"character_count":100,"encoding":"gsm7","credits_per_message":1,"rate_per_credit":1,"cost_per_message":1}}}
[2026-03-27 00:18:49] Signup SMS Attempt for 9765970774 | Success: 1
[2026-03-27 00:20:15] Starting SMS to 9779829399342 | Msg: Dear Bimal, your Kur...
[2026-03-27 00:20:15] HTTP 200 | Response: {"success":true,"message":"SMS queued successfully","data":{"job_id":"45481","cost":1,"remaining_balance":182,"recipient":"9829399342","billing":{"character_count":100,"encoding":"gsm7","credits_per_message":1,"rate_per_credit":1,"cost_per_message":1}}}
[2026-03-27 00:20:15] Signup SMS Attempt for 9829399342 | Success: 1
[2026-03-27 00:23:51] Starting SMS to 9779829393942 | Msg: Dear Bimal, your Kur...
[2026-03-27 00:23:51] HTTP 200 | Response: {"success":true,"message":"SMS queued successfully","data":{"job_id":"45486","cost":1,"remaining_balance":181,"recipient":"9829393942","billing":{"character_count":100,"encoding":"gsm7","credits_per_message":1,"rate_per_credit":1,"cost_per_message":1}}}
[2026-03-27 00:23:51] Signup SMS Attempt for 9829393942 | Success: 1
[2026-03-27 00:26:05] Starting SMS to 9779708545589 | Msg: Dear Bimal, your Kur...
[2026-03-27 00:26:05] HTTP 200 | Response: {"success":true,"message":"SMS queued successfully","data":{"job_id":"45491","cost":1,"remaining_balance":180,"recipient":"9708545589","billing":{"character_count":100,"encoding":"gsm7","credits_per_message":1,"rate_per_credit":1,"cost_per_message":1}}}
[2026-03-27 00:26:05] Signup SMS Attempt for 9708545589 | Success: 1
[2026-03-27 06:36:12] Starting SMS to 9779829399342 | Msg: Dear Roshan, your Ku...
[2026-03-27 06:36:12] HTTP 200 | Response: {"success":true,"message":"SMS queued successfully","data":{"job_id":"46161","cost":1,"remaining_balance":179,"recipient":"9829399342","billing":{"character_count":101,"encoding":"gsm7","credits_per_message":1,"rate_per_credit":1,"cost_per_message":1}}}
[2026-03-27 06:36:12] Signup SMS Attempt for 9829399342 | Success: 1
[2026-03-28 07:20:16] Starting SMS to 9779708545589 | Msg: Dear User, your Kurw...
[2026-03-28 07:20:16] HTTP 200 | Response: {"success":true,"message":"SMS queued successfully","data":{"job_id":"60139","cost":1,"remaining_balance":178,"recipient":"9708545589","billing":{"character_count":139,"encoding":"gsm7","credits_per_message":1,"rate_per_credit":1,"cost_per_message":1}}}
[2026-03-28 07:33:11] Starting SMS to 9779708545589 | Msg: Dear User, your Kurw...
[2026-03-28 07:33:11] HTTP 200 | Response: {"success":true,"message":"SMS queued successfully","data":{"job_id":"60370","cost":1,"remaining_balance":177,"recipient":"9708545589","billing":{"character_count":139,"encoding":"gsm7","credits_per_message":1,"rate_per_credit":1,"cost_per_message":1}}}
[2026-03-29 12:28:27] Starting SMS to 9779708545589 | Msg: Your Kurwa Pay Trans...
[2026-03-29 12:28:27] HTTP 200 | Response: {"success":true,"message":"SMS queued successfully","data":{"job_id":"74585","cost":1,"remaining_balance":176,"recipient":"9708545589","billing":{"character_count":90,"encoding":"gsm7","credits_per_message":1,"rate_per_credit":1,"cost_per_message":1}}}
[2026-03-29 12:28:49] Starting SMS to 9779829399342 | Msg: Your Kurwa System ve...
[2026-03-29 12:28:49] HTTP 200 | Response: {"success":true,"message":"SMS queued successfully","data":{"job_id":"74590","cost":1,"remaining_balance":175,"recipient":"9829399342","billing":{"character_count":83,"encoding":"gsm7","credits_per_message":1,"rate_per_credit":1,"cost_per_message":1}}}
[2026-03-29 12:29:25] Starting SMS to 9779829399342 | Msg: Your Kurwa Pay Trans...
[2026-03-29 12:29:25] HTTP 200 | Response: {"success":true,"message":"SMS queued successfully","data":{"job_id":"74599","cost":1,"remaining_balance":174,"recipient":"9829399342","billing":{"character_count":90,"encoding":"gsm7","credits_per_message":1,"rate_per_credit":1,"cost_per_message":1}}}
[2026-03-29 12:41:21] Starting SMS to 9779829399342 | Msg: Your Kurwa Pay Trans...
[2026-03-29 12:41:21] HTTP 200 | Response: {"success":true,"message":"SMS queued successfully","data":{"job_id":"74761","cost":1,"remaining_balance":173,"recipient":"9829399342","billing":{"character_count":90,"encoding":"gsm7","credits_per_message":1,"rate_per_credit":1,"cost_per_message":1}}}
[2026-03-30 02:27:27] Starting SMS to 9779812345678 | Msg: Dear Test, your Kurw...
[2026-03-30 02:27:28] HTTP 200 | Response: {"success":true,"message":"SMS queued successfully","data":{"job_id":"84376","cost":1,"remaining_balance":171,"recipient":"9812345678","billing":{"character_count":89,"encoding":"gsm7","credits_per_message":1,"rate_per_credit":1,"cost_per_message":1}}}
[2026-03-30 03:49:30] Starting SMS to 9779829399342 | Msg: ŕ¤¨ŕ¤®ŕ¤¸ŕĄŤŕ¤•ŕ¤ľŕ¤...
[2026-03-30 03:49:30] HTTP 200 | Response: {"success":true,"message":"SMS queued successfully","data":{"job_id":"84524","cost":2,"remaining_balance":169,"recipient":"9829399342","billing":{"character_count":97,"encoding":"unicode","credits_per_message":2,"rate_per_credit":1,"cost_per_message":2}}}
[2026-03-30 06:44:40] Starting SMS to 9779829399342 | Msg: ŕ¤¨ŕ¤®ŕ¤¸ŕĄŤŕ¤¤ŕĄ‡ U...
[2026-03-30 06:44:40] HTTP 200 | Response: {"success":true,"message":"SMS queued successfully","data":{"job_id":"85046","cost":2,"remaining_balance":167,"recipient":"9829399342","billing":{"character_count":100,"encoding":"unicode","credits_per_message":2,"rate_per_credit":1,"cost_per_message":2}}}
